This file contains any messages produced by compilers while
running configure, to aid debugging if configure makes a mistake.

It was created by WIRE configure 0.22, which was
generated by GNU Autoconf 2.63.  Invocation command line was

  $ ./configure 

## --------- ##
## Platform. ##
## --------- ##

hostname = camila-laptop
uname -m = i686
uname -r = 3.13.0-37-generic
uname -s = Linux
uname -v = #64-Ubuntu SMP Mon Sep 22 21:30:01 UTC 2014

/usr/bin/uname -p = unknown
/bin/uname -X     = unknown

/bin/arch              = unknown
/usr/bin/arch -k       = unknown
/usr/convex/getsysinfo = unknown
/usr/bin/hostinfo      = unknown
/bin/machine           = unknown
/usr/bin/oslevel       = unknown
/bin/universe          = unknown

PATH: /usr/local/sbin
PATH: /usr/local/bin
PATH: /usr/sbin
PATH: /usr/bin
PATH: /sbin
PATH: /bin
PATH: /usr/games
PATH: /usr/local/games


## ----------- ##
## Core tests. ##
## ----------- ##

configure:1890: checking for a BSD-compatible install
configure:1958: result: /usr/bin/install -c
configure:1969: checking whether build environment is sane
configure:2012: result: yes
configure:2074: checking for gawk
configure:2090: found /usr/bin/gawk
configure:2101: result: gawk
configure:2112: checking whether make sets $(MAKE)
configure:2134: result: yes
configure:2337: checking for gawk
configure:2364: result: gawk
configure:2423: checking for gcc
configure:2439: found /usr/bin/gcc
configure:2450: result: gcc
configure:2682: checking for C compiler version
configure:2690: gcc --version >&5
gcc (Ubuntu 4.8.2-19ubuntu1) 4.8.2
Copyright (C) 2013 Free Software Foundation, Inc.
This is free software; see the source for copying conditions.  There is NO
warranty; not even for MERCHANTABILITY or FITNESS FOR A PARTICULAR PURPOSE.

configure:2694: $? = 0
configure:2701: gcc -v >&5
Using built-in specs.
COLLECT_GCC=gcc
COLLECT_LTO_WRAPPER=/usr/lib/gcc/i686-linux-gnu/4.8/lto-wrapper
Target: i686-linux-gnu
Configured with: ../src/configure -v --with-pkgversion='Ubuntu 4.8.2-19ubuntu1' --with-bugurl=file:///usr/share/doc/gcc-4.8/README.Bugs --enable-languages=c,c++,java,go,d,fortran,objc,obj-c++ --prefix=/usr --program-suffix=-4.8 --enable-shared --enable-linker-build-id --libexecdir=/usr/lib --without-included-gettext --enable-threads=posix --with-gxx-include-dir=/usr/include/c++/4.8 --libdir=/usr/lib --enable-nls --with-sysroot=/ --enable-clocale=gnu --enable-libstdcxx-debug --enable-libstdcxx-time=yes --enable-gnu-unique-object --disable-libmudflap --enable-plugin --with-system-zlib --disable-browser-plugin --enable-java-awt=gtk --enable-gtk-cairo --with-java-home=/usr/lib/jvm/java-1.5.0-gcj-4.8-i386/jre --enable-java-home --with-jvm-root-dir=/usr/lib/jvm/java-1.5.0-gcj-4.8-i386 --with-jvm-jar-dir=/usr/lib/jvm-exports/java-1.5.0-gcj-4.8-i386 --with-arch-directory=i386 --with-ecj-jar=/usr/share/java/eclipse-ecj.jar --enable-objc-gc --enable-targets=all --enable-multiarch --disable-werror --with-arch-32=i686 --with-multilib-list=m32,m64,mx32 --with-tune=generic --enable-checking=release --build=i686-linux-gnu --host=i686-linux-gnu --target=i686-linux-gnu
Thread model: posix
gcc version 4.8.2 (Ubuntu 4.8.2-19ubuntu1) 
configure:2705: $? = 0
configure:2712: gcc -V >&5
gcc: error: unrecognized command line option '-V'
gcc: fatal error: no input files
compilation terminated.
configure:2716: $? = 4
configure:2739: checking for C compiler default output file name
configure:2761: gcc    conftest.c  >&5
configure:2765: $? = 0
configure:2803: result: a.out
configure:2822: checking whether the C compiler works
configure:2832: ./a.out
configure:2836: $? = 0
configure:2855: result: yes
configure:2862: checking whether we are cross compiling
configure:2864: result: no
configure:2867: checking for suffix of executables
configure:2874: gcc -o conftest    conftest.c  >&5
configure:2878: $? = 0
configure:2904: result: 
configure:2910: checking for suffix of object files
configure:2936: gcc -c   conftest.c >&5
configure:2940: $? = 0
configure:2965: result: o
configure:2969: checking whether we are using the GNU C compiler
configure:2998: gcc -c   conftest.c >&5
configure:3005: $? = 0
configure:3022: result: yes
configure:3031: checking whether gcc accepts -g
configure:3061: gcc -c -g  conftest.c >&5
configure:3068: $? = 0
configure:3169: result: yes
configure:3186: checking for gcc option to accept ISO C89
configure:3260: gcc  -c -g -O2  conftest.c >&5
configure:3267: $? = 0
configure:3290: result: none needed
configure:3319: checking for style of include used by make
configure:3347: result: GNU
configure:3375: checking dependency style of gcc
configure:3465: result: gcc3
configure:3540: checking for g++
configure:3556: found /usr/bin/g++
configure:3567: result: g++
configure:3594: checking for C++ compiler version
configure:3602: g++ --version >&5
g++ (Ubuntu 4.8.2-19ubuntu1) 4.8.2
Copyright (C) 2013 Free Software Foundation, Inc.
This is free software; see the source for copying conditions.  There is NO
warranty; not even for MERCHANTABILITY or FITNESS FOR A PARTICULAR PURPOSE.

configure:3606: $? = 0
configure:3613: g++ -v >&5
Using built-in specs.
COLLECT_GCC=g++
COLLECT_LTO_WRAPPER=/usr/lib/gcc/i686-linux-gnu/4.8/lto-wrapper
Target: i686-linux-gnu
Configured with: ../src/configure -v --with-pkgversion='Ubuntu 4.8.2-19ubuntu1' --with-bugurl=file:///usr/share/doc/gcc-4.8/README.Bugs --enable-languages=c,c++,java,go,d,fortran,objc,obj-c++ --prefix=/usr --program-suffix=-4.8 --enable-shared --enable-linker-build-id --libexecdir=/usr/lib --without-included-gettext --enable-threads=posix --with-gxx-include-dir=/usr/include/c++/4.8 --libdir=/usr/lib --enable-nls --with-sysroot=/ --enable-clocale=gnu --enable-libstdcxx-debug --enable-libstdcxx-time=yes --enable-gnu-unique-object --disable-libmudflap --enable-plugin --with-system-zlib --disable-browser-plugin --enable-java-awt=gtk --enable-gtk-cairo --with-java-home=/usr/lib/jvm/java-1.5.0-gcj-4.8-i386/jre --enable-java-home --with-jvm-root-dir=/usr/lib/jvm/java-1.5.0-gcj-4.8-i386 --with-jvm-jar-dir=/usr/lib/jvm-exports/java-1.5.0-gcj-4.8-i386 --with-arch-directory=i386 --with-ecj-jar=/usr/share/java/eclipse-ecj.jar --enable-objc-gc --enable-targets=all --enable-multiarch --disable-werror --with-arch-32=i686 --with-multilib-list=m32,m64,mx32 --with-tune=generic --enable-checking=release --build=i686-linux-gnu --host=i686-linux-gnu --target=i686-linux-gnu
Thread model: posix
gcc version 4.8.2 (Ubuntu 4.8.2-19ubuntu1) 
configure:3617: $? = 0
configure:3624: g++ -V >&5
g++: error: unrecognized command line option '-V'
g++: fatal error: no input files
compilation terminated.
configure:3628: $? = 4
configure:3631: checking whether we are using the GNU C++ compiler
configure:3660: g++ -c   conftest.cpp >&5
configure:3667: $? = 0
configure:3684: result: yes
configure:3693: checking whether g++ accepts -g
configure:3723: g++ -c -g  conftest.cpp >&5
configure:3730: $? = 0
configure:3831: result: yes
configure:3856: checking dependency style of g++
configure:3946: result: gcc3
configure:3977: checking for a BSD-compatible install
configure:4045: result: /usr/bin/install -c
configure:4056: checking whether ln -s works
configure:4060: result: yes
configure:4067: checking whether make sets $(MAKE)
configure:4089: result: yes
configure:4141: checking for ranlib
configure:4157: found /usr/bin/ranlib
configure:4168: result: ranlib
configure:4218: checking for xsltproc
configure:4234: found /usr/bin/xsltproc
configure:4245: result: xsltproc
configure:4255: checking whether xsltproc works
configure:4273: result: yes
configure:4296: checking for xml2-config
configure:4314: found /usr/bin/xml2-config
configure:4326: result: /usr/bin/xml2-config
configure:4345: checking for pthread_create in -lpthread
configure:4380: g++ -o conftest -g -O2 -I/usr/include/libxml2   conftest.cpp -lpthread   -lxml2 >&5
configure:4387: $? = 0
configure:4408: result: yes
configure:4420: checking for adns_submit in -ladns
configure:4455: g++ -o conftest -g -O2 -I/usr/include/libxml2   conftest.cpp -ladns  -lpthread  -lxml2 >&5
configure:4462: $? = 0
configure:4483: result: yes
configure:4524: checking how to run the C++ preprocessor
configure:4560: g++ -E  conftest.cpp
configure:4567: $? = 0
configure:4598: g++ -E  conftest.cpp
conftest.cpp:15:28: fatal error: ac_nonexistent.h: No such file or directory
 #include <ac_nonexistent.h>
                            ^
compilation terminated.
configure:4605: $? = 1
configure: failed program was:
| /* confdefs.h.  */
| #define PACKAGE_NAME "WIRE"
| #define PACKAGE_TARNAME "wire"
| #define PACKAGE_VERSION "0.22"
| #define PACKAGE_STRING "WIRE 0.22"
| #define PACKAGE_BUGREPORT ""
| #define PACKAGE "WIRE"
| #define VERSION "0.22"
| #define HAVE_LIBPTHREAD 1
| #define HAVE_LIBADNS 1
| #define _FILE_OFFSET_BITS 64
| #define _GNU_SOURCE 1
| #define _LARGEFILE64_SOURCE 1
| /* end confdefs.h.  */
| #include <ac_nonexistent.h>
configure:4638: result: g++ -E
configure:4667: g++ -E  conftest.cpp
configure:4674: $? = 0
configure:4705: g++ -E  conftest.cpp
conftest.cpp:15:28: fatal error: ac_nonexistent.h: No such file or directory
 #include <ac_nonexistent.h>
                            ^
compilation terminated.
configure:4712: $? = 1
configure: failed program was:
| /* confdefs.h.  */
| #define PACKAGE_NAME "WIRE"
| #define PACKAGE_TARNAME "wire"
| #define PACKAGE_VERSION "0.22"
| #define PACKAGE_STRING "WIRE 0.22"
| #define PACKAGE_BUGREPORT ""
| #define PACKAGE "WIRE"
| #define VERSION "0.22"
| #define HAVE_LIBPTHREAD 1
| #define HAVE_LIBADNS 1
| #define _FILE_OFFSET_BITS 64
| #define _GNU_SOURCE 1
| #define _LARGEFILE64_SOURCE 1
| /* end confdefs.h.  */
| #include <ac_nonexistent.h>
configure:4752: checking for grep that handles long lines and -e
configure:4812: result: /bin/grep
configure:4817: checking for egrep
configure:4881: result: /bin/grep -E
configure:4886: checking for ANSI C header files
configure:4916: g++ -c -g -O2 -I/usr/include/libxml2 -Wall --pedantic  conftest.cpp >&5
configure:4923: $? = 0
configure:5022: g++ -o conftest -g -O2 -I/usr/include/libxml2 -Wall --pedantic   conftest.cpp -ladns -lpthread  -lxml2 >&5
configure:5026: $? = 0
configure:5032: ./conftest
configure:5036: $? = 0
configure:5054: result: yes
configure:5072: checking for dirent.h that defines DIR
configure:5101: g++ -c -g -O2 -I/usr/include/libxml2 -Wall --pedantic  conftest.cpp >&5
configure:5108: $? = 0
configure:5125: result: yes
configure:5140: checking for library containing opendir
configure:5181: g++ -o conftest -g -O2 -I/usr/include/libxml2 -Wall --pedantic   conftest.cpp -ladns -lpthread  -lxml2 >&5
configure:5188: $? = 0
configure:5219: result: none required
configure:5331: checking for sys/types.h
configure:5352: g++ -c -g -O2 -I/usr/include/libxml2 -Wall --pedantic  conftest.cpp >&5
configure:5359: $? = 0
configure:5376: result: yes
configure:5331: checking for sys/stat.h
configure:5352: g++ -c -g -O2 -I/usr/include/libxml2 -Wall --pedantic  conftest.cpp >&5
configure:5359: $? = 0
configure:5376: result: yes
configure:5331: checking for stdlib.h
configure:5352: g++ -c -g -O2 -I/usr/include/libxml2 -Wall --pedantic  conftest.cpp >&5
configure:5359: $? = 0
configure:5376: result: yes
configure:5331: checking for string.h
configure:5352: g++ -c -g -O2 -I/usr/include/libxml2 -Wall --pedantic  conftest.cpp >&5
configure:5359: $? = 0
configure:5376: result: yes
configure:5331: checking for memory.h
configure:5352: g++ -c -g -O2 -I/usr/include/libxml2 -Wall --pedantic  conftest.cpp >&5
configure:5359: $? = 0
configure:5376: result: yes
configure:5331: checking for strings.h
configure:5352: g++ -c -g -O2 -I/usr/include/libxml2 -Wall --pedantic  conftest.cpp >&5
configure:5359: $? = 0
configure:5376: result: yes
configure:5331: checking for inttypes.h
configure:5352: g++ -c -g -O2 -I/usr/include/libxml2 -Wall --pedantic  conftest.cpp >&5
configure:5359: $? = 0
configure:5376: result: yes
configure:5331: checking for stdint.h
configure:5352: g++ -c -g -O2 -I/usr/include/libxml2 -Wall --pedantic  conftest.cpp >&5
configure:5359: $? = 0
configure:5376: result: yes
configure:5331: checking for unistd.h
configure:5352: g++ -c -g -O2 -I/usr/include/libxml2 -Wall --pedantic  conftest.cpp >&5
configure:5359: $? = 0
configure:5376: result: yes
configure:5406: checking adns.h usability
configure:5423: g++ -c -g -O2 -I/usr/include/libxml2 -Wall --pedantic  conftest.cpp >&5
configure:5430: $? = 0
configure:5444: result: yes
configure:5448: checking adns.h presence
configure:5463: g++ -E  conftest.cpp
configure:5470: $? = 0
configure:5484: result: yes
configure:5512: checking for adns.h
configure:5521: result: yes
configure:5573: checking sys/utsname.h usability
configure:5590: g++ -c -g -O2 -I/usr/include/libxml2 -Wall --pedantic  conftest.cpp >&5
configure:5597: $? = 0
configure:5611: result: yes
configure:5615: checking sys/utsname.h presence
configure:5630: g++ -E  conftest.cpp
configure:5637: $? = 0
configure:5651: result: yes
configure:5679: checking for sys/utsname.h
configure:5688: result: yes
configure:5573: checking sys/poll.h usability
configure:5590: g++ -c -g -O2 -I/usr/include/libxml2 -Wall --pedantic  conftest.cpp >&5
configure:5597: $? = 0
configure:5611: result: yes
configure:5615: checking sys/poll.h presence
configure:5630: g++ -E  conftest.cpp
configure:5637: $? = 0
configure:5651: result: yes
configure:5679: checking for sys/poll.h
configure:5688: result: yes
configure:5573: checking syslog.h usability
configure:5590: g++ -c -g -O2 -I/usr/include/libxml2 -Wall --pedantic  conftest.cpp >&5
configure:5597: $? = 0
configure:5611: result: yes
configure:5615: checking syslog.h presence
configure:5630: g++ -E  conftest.cpp
configure:5637: $? = 0
configure:5651: result: yes
configure:5679: checking for syslog.h
configure:5688: result: yes
configure:5573: checking sys/select.h usability
configure:5590: g++ -c -g -O2 -I/usr/include/libxml2 -Wall --pedantic  conftest.cpp >&5
configure:5597: $? = 0
configure:5611: result: yes
configure:5615: checking sys/select.h presence
configure:5630: g++ -E  conftest.cpp
configure:5637: $? = 0
configure:5651: result: yes
configure:5679: checking for sys/select.h
configure:5688: result: yes
configure:5573: checking arpa/inet.h usability
configure:5590: g++ -c -g -O2 -I/usr/include/libxml2 -Wall --pedantic  conftest.cpp >&5
configure:5597: $? = 0
configure:5611: result: yes
configure:5615: checking arpa/inet.h presence
configure:5630: g++ -E  conftest.cpp
configure:5637: $? = 0
configure:5651: result: yes
configure:5679: checking for arpa/inet.h
configure:5688: result: yes
configure:5573: checking errno.h usability
configure:5590: g++ -c -g -O2 -I/usr/include/libxml2 -Wall --pedantic  conftest.cpp >&5
configure:5597: $? = 0
configure:5611: result: yes
configure:5615: checking errno.h presence
configure:5630: g++ -E  conftest.cpp
configure:5637: $? = 0
configure:5651: result: yes
configure:5679: checking for errno.h
configure:5688: result: yes
configure:5573: checking fcntl.h usability
configure:5590: g++ -c -g -O2 -I/usr/include/libxml2 -Wall --pedantic  conftest.cpp >&5
configure:5597: $? = 0
configure:5611: result: yes
configure:5615: checking fcntl.h presence
configure:5630: g++ -E  conftest.cpp
configure:5637: $? = 0
configure:5651: result: yes
configure:5679: checking for fcntl.h
configure:5688: result: yes
configure:5573: checking netdb.h usability
configure:5590: g++ -c -g -O2 -I/usr/include/libxml2 -Wall --pedantic  conftest.cpp >&5
configure:5597: $? = 0
configure:5611: result: yes
configure:5615: checking netdb.h presence
configure:5630: g++ -E  conftest.cpp
configure:5637: $? = 0
configure:5651: result: yes
configure:5679: checking for netdb.h
configure:5688: result: yes
configure:5573: checking netinet/in.h usability
configure:5590: g++ -c -g -O2 -I/usr/include/libxml2 -Wall --pedantic  conftest.cpp >&5
configure:5597: $? = 0
configure:5611: result: yes
configure:5615: checking netinet/in.h presence
configure:5630: g++ -E  conftest.cpp
configure:5637: $? = 0
configure:5651: result: yes
configure:5679: checking for netinet/in.h
configure:5688: result: yes
configure:5562: checking for stdlib.h
configure:5569: result: yes
configure:5562: checking for string.h
configure:5569: result: yes
configure:5573: checking sys/socket.h usability
configure:5590: g++ -c -g -O2 -I/usr/include/libxml2 -Wall --pedantic  conftest.cpp >&5
configure:5597: $? = 0
configure:5611: result: yes
configure:5615: checking sys/socket.h presence
configure:5630: g++ -E  conftest.cpp
configure:5637: $? = 0
configure:5651: result: yes
configure:5679: checking for sys/socket.h
configure:5688: result: yes
configure:5562: checking for unistd.h
configure:5569: result: yes
configure:5573: checking locale.h usability
configure:5590: g++ -c -g -O2 -I/usr/include/libxml2 -Wall --pedantic  conftest.cpp >&5
configure:5597: $? = 0
configure:5611: result: yes
configure:5615: checking locale.h presence
configure:5630: g++ -E  conftest.cpp
configure:5637: $? = 0
configure:5651: result: yes
configure:5679: checking for locale.h
configure:5688: result: yes
configure:5573: checking iconv.h usability
configure:5590: g++ -c -g -O2 -I/usr/include/libxml2 -Wall --pedantic  conftest.cpp >&5
configure:5597: $? = 0
configure:5611: result: yes
configure:5615: checking iconv.h presence
configure:5630: g++ -E  conftest.cpp
configure:5637: $? = 0
configure:5651: result: yes
configure:5679: checking for iconv.h
configure:5688: result: yes
configure:5573: checking regex.h usability
configure:5590: g++ -c -g -O2 -I/usr/include/libxml2 -Wall --pedantic  conftest.cpp >&5
configure:5597: $? = 0
configure:5611: result: yes
configure:5615: checking regex.h presence
configure:5630: g++ -E  conftest.cpp
configure:5637: $? = 0
configure:5651: result: yes
configure:5679: checking for regex.h
configure:5688: result: yes
configure:5709: checking for inline
configure:5735: g++ -c -g -O2 -I/usr/include/libxml2 -Wall --pedantic  conftest.cpp >&5
configure:5742: $? = 0
configure:5760: result: inline
configure:5779: checking for an ANSI C-conforming const
configure:5854: g++ -c -g -O2 -I/usr/include/libxml2 -Wall --pedantic  conftest.cpp >&5
configure:5861: $? = 0
configure:5876: result: yes
configure:5886: checking for off_t
configure:5914: g++ -c -g -O2 -I/usr/include/libxml2 -Wall --pedantic  conftest.cpp >&5
configure:5921: $? = 0
configure:5948: g++ -c -g -O2 -I/usr/include/libxml2 -Wall --pedantic  conftest.cpp >&5
conftest.cpp: In function 'int main()':
conftest.cpp:79:19: error: expected primary-expression before ')' token
 if (sizeof ((off_t)))
                   ^
configure:5955: $? = 1
configure: failed program was:
| /* confdefs.h.  */
| #define PACKAGE_NAME "WIRE"
| #define PACKAGE_TARNAME "wire"
| #define PACKAGE_VERSION "0.22"
| #define PACKAGE_STRING "WIRE 0.22"
| #define PACKAGE_BUGREPORT ""
| #define PACKAGE "WIRE"
| #define VERSION "0.22"
| #define HAVE_LIBPTHREAD 1
| #define HAVE_LIBADNS 1
| #define _FILE_OFFSET_BITS 64
| #define _GNU_SOURCE 1
| #define _LARGEFILE64_SOURCE 1
| #define STDC_HEADERS 1
| #define HAVE_DIRENT_H 1
| #define HAVE_SYS_TYPES_H 1
| #define HAVE_SYS_STAT_H 1
| #define HAVE_STDLIB_H 1
| #define HAVE_STRING_H 1
| #define HAVE_MEMORY_H 1
| #define HAVE_STRINGS_H 1
| #define HAVE_INTTYPES_H 1
| #define HAVE_STDINT_H 1
| #define HAVE_UNISTD_H 1
| #define HAVE_ADNS_H 1
| #define HAVE_SYS_UTSNAME_H 1
| #define HAVE_SYS_POLL_H 1
| #define HAVE_SYSLOG_H 1
| #define HAVE_SYS_SELECT_H 1
| #define HAVE_ARPA_INET_H 1
| #define HAVE_ERRNO_H 1
| #define HAVE_FCNTL_H 1
| #define HAVE_NETDB_H 1
| #define HAVE_NETINET_IN_H 1
| #define HAVE_STDLIB_H 1
| #define HAVE_STRING_H 1
| #define HAVE_SYS_SOCKET_H 1
| #define HAVE_UNISTD_H 1
| #define HAVE_LOCALE_H 1
| #define HAVE_ICONV_H 1
| #define HAVE_REGEX_H 1
| /* end confdefs.h.  */
| #include <stdio.h>
| #ifdef HAVE_SYS_TYPES_H
| # include <sys/types.h>
| #endif
| #ifdef HAVE_SYS_STAT_H
| # include <sys/stat.h>
| #endif
| #ifdef STDC_HEADERS
| # include <stdlib.h>
| # include <stddef.h>
| #else
| # ifdef HAVE_STDLIB_H
| #  include <stdlib.h>
| # endif
| #endif
| #ifdef HAVE_STRING_H
| # if !defined STDC_HEADERS && defined HAVE_MEMORY_H
| #  include <memory.h>
| # endif
| # include <string.h>
| #endif
| #ifdef HAVE_STRINGS_H
| # include <strings.h>
| #endif
| #ifdef HAVE_INTTYPES_H
| # include <inttypes.h>
| #endif
| #ifdef HAVE_STDINT_H
| # include <stdint.h>
| #endif
| #ifdef HAVE_UNISTD_H
| # include <unistd.h>
| #endif
| int
| main ()
| {
| if (sizeof ((off_t)))
| 	  return 0;
|   ;
|   return 0;
| }
configure:5978: result: yes
configure:5990: checking for size_t
configure:6018: g++ -c -g -O2 -I/usr/include/libxml2 -Wall --pedantic  conftest.cpp >&5
configure:6025: $? = 0
configure:6052: g++ -c -g -O2 -I/usr/include/libxml2 -Wall --pedantic  conftest.cpp >&5
conftest.cpp: In function 'int main()':
conftest.cpp:79:20: error: expected primary-expression before ')' token
 if (sizeof ((size_t)))
                    ^
configure:6059: $? = 1
configure: failed program was:
| /* confdefs.h.  */
| #define PACKAGE_NAME "WIRE"
| #define PACKAGE_TARNAME "wire"
| #define PACKAGE_VERSION "0.22"
| #define PACKAGE_STRING "WIRE 0.22"
| #define PACKAGE_BUGREPORT ""
| #define PACKAGE "WIRE"
| #define VERSION "0.22"
| #define HAVE_LIBPTHREAD 1
| #define HAVE_LIBADNS 1
| #define _FILE_OFFSET_BITS 64
| #define _GNU_SOURCE 1
| #define _LARGEFILE64_SOURCE 1
| #define STDC_HEADERS 1
| #define HAVE_DIRENT_H 1
| #define HAVE_SYS_TYPES_H 1
| #define HAVE_SYS_STAT_H 1
| #define HAVE_STDLIB_H 1
| #define HAVE_STRING_H 1
| #define HAVE_MEMORY_H 1
| #define HAVE_STRINGS_H 1
| #define HAVE_INTTYPES_H 1
| #define HAVE_STDINT_H 1
| #define HAVE_UNISTD_H 1
| #define HAVE_ADNS_H 1
| #define HAVE_SYS_UTSNAME_H 1
| #define HAVE_SYS_POLL_H 1
| #define HAVE_SYSLOG_H 1
| #define HAVE_SYS_SELECT_H 1
| #define HAVE_ARPA_INET_H 1
| #define HAVE_ERRNO_H 1
| #define HAVE_FCNTL_H 1
| #define HAVE_NETDB_H 1
| #define HAVE_NETINET_IN_H 1
| #define HAVE_STDLIB_H 1
| #define HAVE_STRING_H 1
| #define HAVE_SYS_SOCKET_H 1
| #define HAVE_UNISTD_H 1
| #define HAVE_LOCALE_H 1
| #define HAVE_ICONV_H 1
| #define HAVE_REGEX_H 1
| /* end confdefs.h.  */
| #include <stdio.h>
| #ifdef HAVE_SYS_TYPES_H
| # include <sys/types.h>
| #endif
| #ifdef HAVE_SYS_STAT_H
| # include <sys/stat.h>
| #endif
| #ifdef STDC_HEADERS
| # include <stdlib.h>
| # include <stddef.h>
| #else
| # ifdef HAVE_STDLIB_H
| #  include <stdlib.h>
| # endif
| #endif
| #ifdef HAVE_STRING_H
| # if !defined STDC_HEADERS && defined HAVE_MEMORY_H
| #  include <memory.h>
| # endif
| # include <string.h>
| #endif
| #ifdef HAVE_STRINGS_H
| # include <strings.h>
| #endif
| #ifdef HAVE_INTTYPES_H
| # include <inttypes.h>
| #endif
| #ifdef HAVE_STDINT_H
| # include <stdint.h>
| #endif
| #ifdef HAVE_UNISTD_H
| # include <unistd.h>
| #endif
| int
| main ()
| {
| if (sizeof ((size_t)))
| 	  return 0;
|   ;
|   return 0;
| }
configure:6082: result: yes
configure:6094: checking whether time.h and sys/time.h may both be included
configure:6124: g++ -c -g -O2 -I/usr/include/libxml2 -Wall --pedantic  conftest.cpp >&5
configure:6131: $? = 0
configure:6146: result: yes
configure:6156: checking whether struct tm is in sys/time.h or time.h
configure:6186: g++ -c -g -O2 -I/usr/include/libxml2 -Wall --pedantic  conftest.cpp >&5
configure:6193: $? = 0
configure:6208: result: time.h
configure:6218: checking for stdbool.h that conforms to C99
configure:6313: g++ -c -g -O2 -I/usr/include/libxml2 -Wall --pedantic  conftest.cpp >&5
conftest.cpp:70:36: error: array bound is not an integer constant before ']' token
  char d[(bool) 0.5 == true ? 1 : -1];
                                    ^
conftest.cpp:71:12: warning: the address of 's' will always evaluate as 'true' [-Waddress]
  bool e = &s;
            ^
conftest.cpp:72:38: error: array bound is not an integer constant before ']' token
  char f[(_Bool) 0.0 == false ? 1 : -1];
                                      ^
conftest.cpp: In function 'int main()':
conftest.cpp:115:11: warning: the address of 'a' will always evaluate as 'true' [-Waddress]
  return (!a + !b + !c + !d + !e + !f + !g + !h + !i + !!j + !k + !!l
           ^
conftest.cpp:115:16: warning: the address of 'b' will always evaluate as 'true' [-Waddress]
  return (!a + !b + !c + !d + !e + !f + !g + !h + !i + !!j + !k + !!l
                ^
conftest.cpp:115:21: warning: the address of 'c' will always evaluate as 'true' [-Waddress]
  return (!a + !b + !c + !d + !e + !f + !g + !h + !i + !!j + !k + !!l
                     ^
conftest.cpp:115:26: error: 'd' was not declared in this scope
  return (!a + !b + !c + !d + !e + !f + !g + !h + !i + !!j + !k + !!l
                          ^
conftest.cpp:115:36: error: 'f' was not declared in this scope
  return (!a + !b + !c + !d + !e + !f + !g + !h + !i + !!j + !k + !!l
                                    ^
conftest.cpp:115:41: warning: the address of 'g' will always evaluate as 'true' [-Waddress]
  return (!a + !b + !c + !d + !e + !f + !g + !h + !i + !!j + !k + !!l
                                         ^
conftest.cpp:115:46: warning: the address of 'h' will always evaluate as 'true' [-Waddress]
  return (!a + !b + !c + !d + !e + !f + !g + !h + !i + !!j + !k + !!l
                                              ^
conftest.cpp:115:51: warning: the address of 'i' will always evaluate as 'true' [-Waddress]
  return (!a + !b + !c + !d + !e + !f + !g + !h + !i + !!j + !k + !!l
                                                   ^
conftest.cpp:116:11: warning: the address of 'n' will always evaluate as 'true' [-Waddress]
           ^
conftest.cpp:116:16: warning: the address of 'o' will always evaluate as 'true' [-Waddress]
                ^
conftest.cpp:116:21: warning: the address of 'p' will always evaluate as 'true' [-Waddress]
                     ^
configure:6320: $? = 1
configure: failed program was:
| /* confdefs.h.  */
| #define PACKAGE_NAME "WIRE"
| #define PACKAGE_TARNAME "wire"
| #define PACKAGE_VERSION "0.22"
| #define PACKAGE_STRING "WIRE 0.22"
| #define PACKAGE_BUGREPORT ""
| #define PACKAGE "WIRE"
| #define VERSION "0.22"
| #define HAVE_LIBPTHREAD 1
| #define HAVE_LIBADNS 1
| #define _FILE_OFFSET_BITS 64
| #define _GNU_SOURCE 1
| #define _LARGEFILE64_SOURCE 1
| #define STDC_HEADERS 1
| #define HAVE_DIRENT_H 1
| #define HAVE_SYS_TYPES_H 1
| #define HAVE_SYS_STAT_H 1
| #define HAVE_STDLIB_H 1
| #define HAVE_STRING_H 1
| #define HAVE_MEMORY_H 1
| #define HAVE_STRINGS_H 1
| #define HAVE_INTTYPES_H 1
| #define HAVE_STDINT_H 1
| #define HAVE_UNISTD_H 1
| #define HAVE_ADNS_H 1
| #define HAVE_SYS_UTSNAME_H 1
| #define HAVE_SYS_POLL_H 1
| #define HAVE_SYSLOG_H 1
| #define HAVE_SYS_SELECT_H 1
| #define HAVE_ARPA_INET_H 1
| #define HAVE_ERRNO_H 1
| #define HAVE_FCNTL_H 1
| #define HAVE_NETDB_H 1
| #define HAVE_NETINET_IN_H 1
| #define HAVE_STDLIB_H 1
| #define HAVE_STRING_H 1
| #define HAVE_SYS_SOCKET_H 1
| #define HAVE_UNISTD_H 1
| #define HAVE_LOCALE_H 1
| #define HAVE_ICONV_H 1
| #define HAVE_REGEX_H 1
| #define TIME_WITH_SYS_TIME 1
| /* end confdefs.h.  */
| 
| #include <stdbool.h>
| #ifndef bool
|  "error: bool is not defined"
| #endif
| #ifndef false
|  "error: false is not defined"
| #endif
| #if false
|  "error: false is not 0"
| #endif
| #ifndef true
|  "error: true is not defined"
| #endif
| #if true != 1
|  "error: true is not 1"
| #endif
| #ifndef __bool_true_false_are_defined
|  "error: __bool_true_false_are_defined is not defined"
| #endif
| 
| 	struct s { _Bool s: 1; _Bool t; } s;
| 
| 	char a[true == 1 ? 1 : -1];
| 	char b[false == 0 ? 1 : -1];
| 	char c[__bool_true_false_are_defined == 1 ? 1 : -1];
| 	char d[(bool) 0.5 == true ? 1 : -1];
| 	bool e = &s;
| 	char f[(_Bool) 0.0 == false ? 1 : -1];
| 	char g[true];
| 	char h[sizeof (_Bool)];
| 	char i[sizeof s.t];
| 	enum { j = false, k = true, l = false * true, m = true * 256 };
| 	/* The following fails for
| 	   HP aC++/ANSI C B3910B A.05.55 [Dec 04 2003]. */
| 	_Bool n[m];
| 	char o[sizeof n == m * sizeof n[0] ? 1 : -1];
| 	char p[-1 - (_Bool) 0 < 0 && -1 - (bool) 0 < 0 ? 1 : -1];
| #	if defined __xlc__ || defined __GNUC__
| 	 /* Catch a bug in IBM AIX xlc compiler version 6.0.0.0
| 	    reported by James Lemley on 2005-10-05; see
| 	    http://lists.gnu.org/archive/html/bug-coreutils/2005-10/msg00086.html
| 	    This test is not quite right, since xlc is allowed to
| 	    reject this program, as the initializer for xlcbug is
| 	    not one of the forms that C requires support for.
| 	    However, doing the test right would require a runtime
| 	    test, and that would make cross-compilation harder.
| 	    Let us hope that IBM fixes the xlc bug, and also adds
| 	    support for this kind of constant expression.  In the
| 	    meantime, this test will reject xlc, which is OK, since
| 	    our stdbool.h substitute should suffice.  We also test
| 	    this with GCC, where it should work, to detect more
| 	    quickly whether someone messes up the test in the
| 	    future.  */
| 	 char digs[] = "0123456789";
| 	 int xlcbug = 1 / (&(digs + 5)[-2 + (bool) 1] == &digs[4] ? 1 : -1);
| #	endif
| 	/* Catch a bug in an HP-UX C compiler.  See
| 	   http://gcc.gnu.org/ml/gcc-patches/2003-12/msg02303.html
| 	   http://lists.gnu.org/archive/html/bug-coreutils/2005-11/msg00161.html
| 	 */
| 	_Bool q = true;
| 	_Bool *pq = &q;
| 
| int
| main ()
| {
| 
| 	*pq |= q;
| 	*pq |= ! q;
| 	/* Refer to every declared value, to avoid compiler optimizations.  */
| 	return (!a + !b + !c + !d + !e + !f + !g + !h + !i + !!j + !k + !!l
| 		+ !m + !n + !o + !p + !q + !pq);
| 
|   ;
|   return 0;
| }
configure:6335: result: no
configure:6337: checking for _Bool
configure:6365: g++ -c -g -O2 -I/usr/include/libxml2 -Wall --pedantic  conftest.cpp >&5
conftest.cpp: In function 'int main()':
conftest.cpp:80:13: error: '_Bool' was not declared in this scope
 if (sizeof (_Bool))
             ^
configure:6372: $? = 1
configure: failed program was:
| /* confdefs.h.  */
| #define PACKAGE_NAME "WIRE"
| #define PACKAGE_TARNAME "wire"
| #define PACKAGE_VERSION "0.22"
| #define PACKAGE_STRING "WIRE 0.22"
| #define PACKAGE_BUGREPORT ""
| #define PACKAGE "WIRE"
| #define VERSION "0.22"
| #define HAVE_LIBPTHREAD 1
| #define HAVE_LIBADNS 1
| #define _FILE_OFFSET_BITS 64
| #define _GNU_SOURCE 1
| #define _LARGEFILE64_SOURCE 1
| #define STDC_HEADERS 1
| #define HAVE_DIRENT_H 1
| #define HAVE_SYS_TYPES_H 1
| #define HAVE_SYS_STAT_H 1
| #define HAVE_STDLIB_H 1
| #define HAVE_STRING_H 1
| #define HAVE_MEMORY_H 1
| #define HAVE_STRINGS_H 1
| #define HAVE_INTTYPES_H 1
| #define HAVE_STDINT_H 1
| #define HAVE_UNISTD_H 1
| #define HAVE_ADNS_H 1
| #define HAVE_SYS_UTSNAME_H 1
| #define HAVE_SYS_POLL_H 1
| #define HAVE_SYSLOG_H 1
| #define HAVE_SYS_SELECT_H 1
| #define HAVE_ARPA_INET_H 1
| #define HAVE_ERRNO_H 1
| #define HAVE_FCNTL_H 1
| #define HAVE_NETDB_H 1
| #define HAVE_NETINET_IN_H 1
| #define HAVE_STDLIB_H 1
| #define HAVE_STRING_H 1
| #define HAVE_SYS_SOCKET_H 1
| #define HAVE_UNISTD_H 1
| #define HAVE_LOCALE_H 1
| #define HAVE_ICONV_H 1
| #define HAVE_REGEX_H 1
| #define TIME_WITH_SYS_TIME 1
| /* end confdefs.h.  */
| #include <stdio.h>
| #ifdef HAVE_SYS_TYPES_H
| # include <sys/types.h>
| #endif
| #ifdef HAVE_SYS_STAT_H
| # include <sys/stat.h>
| #endif
| #ifdef STDC_HEADERS
| # include <stdlib.h>
| # include <stddef.h>
| #else
| # ifdef HAVE_STDLIB_H
| #  include <stdlib.h>
| # endif
| #endif
| #ifdef HAVE_STRING_H
| # if !defined STDC_HEADERS && defined HAVE_MEMORY_H
| #  include <memory.h>
| # endif
| # include <string.h>
| #endif
| #ifdef HAVE_STRINGS_H
| # include <strings.h>
| #endif
| #ifdef HAVE_INTTYPES_H
| # include <inttypes.h>
| #endif
| #ifdef HAVE_STDINT_H
| # include <stdint.h>
| #endif
| #ifdef HAVE_UNISTD_H
| # include <unistd.h>
| #endif
| int
| main ()
| {
| if (sizeof (_Bool))
|        return 0;
|   ;
|   return 0;
| }
configure:6429: result: no
configure:6455: checking for stdlib.h
configure:6462: result: yes
configure:6596: checking for GNU libc compatible malloc
configure:6630: g++ -o conftest -g -O2 -I/usr/include/libxml2 -Wall --pedantic   conftest.cpp -ladns -lpthread  -lxml2 >&5
configure:6634: $? = 0
configure:6640: ./conftest
configure:6644: $? = 0
configure:6661: result: yes
configure:6689: checking for working memcmp
configure:6742: g++ -o conftest -g -O2 -I/usr/include/libxml2 -Wall --pedantic   conftest.cpp -ladns -lpthread  -lxml2 >&5
configure:6746: $? = 0
configure:6752: ./conftest
configure:6756: $? = 0
configure:6773: result: yes
configure:6801: checking sys/time.h usability
configure:6818: g++ -c -g -O2 -I/usr/include/libxml2 -Wall --pedantic  conftest.cpp >&5
configure:6825: $? = 0
configure:6839: result: yes
configure:6843: checking sys/time.h presence
configure:6858: g++ -E  conftest.cpp
configure:6865: $? = 0
configure:6879: result: yes
configure:6907: checking for sys/time.h
configure:6916: result: yes
configure:6790: checking for unistd.h
configure:6797: result: yes
configure:6942: checking for alarm
configure:6998: g++ -o conftest -g -O2 -I/usr/include/libxml2 -Wall --pedantic   conftest.cpp -ladns -lpthread  -lxml2 >&5
configure:7005: $? = 0
configure:7027: result: yes
configure:7055: checking for working mktime
configure:7270: g++ -o conftest -g -O2 -I/usr/include/libxml2 -Wall --pedantic   conftest.cpp -ladns -lpthread  -lxml2 >&5
conftest.cpp:82:1: warning: deprecated conversion from string constant to 'char*' [-Wwrite-strings]
 };
 ^
conftest.cpp:82:1: warning: deprecated conversion from string constant to 'char*' [-Wwrite-strings]
conftest.cpp:82:1: warning: deprecated conversion from string constant to 'char*' [-Wwrite-strings]
conftest.cpp: In function 'int spring_forward_gap()':
conftest.cpp:97:38: warning: deprecated conversion from string constant to 'char*' [-Wwrite-strings]
   putenv ("TZ=PST8PDT,M4.1.0,M10.5.0");
                                      ^
conftest.cpp: At global scope:
conftest.cpp:110:15: error: 'now' was not declared in this scope
 mktime_test1 (now)
               ^
conftest.cpp:111:6: error: expected ',' or ';' before 'time_t'
      time_t now;
      ^
conftest.cpp:112:1: error: expected unqualified-id before '{' token
 {
 ^
conftest.cpp:118:14: error: 'now' was not declared in this scope
 mktime_test (now)
              ^
conftest.cpp:119:6: error: expected ',' or ';' before 'time_t'
      time_t now;
      ^
conftest.cpp:120:1: error: expected unqualified-id before '{' token
 {
 ^
conftest.cpp:143:15: error: 'j' was not declared in this scope
 bigtime_test (j)
               ^
conftest.cpp:144:6: error: expected ',' or ';' before 'int'
      int j;
      ^
conftest.cpp:145:1: error: expected unqualified-id before '{' token
 {
 ^
conftest.cpp:75:15: warning: 'time_t_max' defined but not used [-Wunused-variable]
 static time_t time_t_max;
               ^
conftest.cpp:76:15: warning: 'time_t_min' defined but not used [-Wunused-variable]
 static time_t time_t_min;
               ^
conftest.cpp:79:14: warning: 'tz_strings' defined but not used [-Wunused-variable]
 static char *tz_strings[] = {
              ^
conftest.cpp:88:1: warning: 'int spring_forward_gap()' defined but not used [-Wunused-function]
 spring_forward_gap ()
 ^
conftest.cpp:110:1: warning: 'mktime_test1' defined but not used [-Wunused-variable]
 mktime_test1 (now)
 ^
conftest.cpp:118:1: warning: 'mktime_test' defined but not used [-Wunused-variable]
 mktime_test (now)
 ^
conftest.cpp:127:1: warning: 'int irix_6_4_bug()' defined but not used [-Wunused-function]
 irix_6_4_bug ()
 ^
conftest.cpp:143:1: warning: 'bigtime_test' defined but not used [-Wunused-variable]
 bigtime_test (j)
 ^
configure:7274: $? = 1
configure: program exited with status 1
configure: failed program was:
| /* confdefs.h.  */
| #define PACKAGE_NAME "WIRE"
| #define PACKAGE_TARNAME "wire"
| #define PACKAGE_VERSION "0.22"
| #define PACKAGE_STRING "WIRE 0.22"
| #define PACKAGE_BUGREPORT ""
| #define PACKAGE "WIRE"
| #define VERSION "0.22"
| #define HAVE_LIBPTHREAD 1
| #define HAVE_LIBADNS 1
| #define _FILE_OFFSET_BITS 64
| #define _GNU_SOURCE 1
| #define _LARGEFILE64_SOURCE 1
| #define STDC_HEADERS 1
| #define HAVE_DIRENT_H 1
| #define HAVE_SYS_TYPES_H 1
| #define HAVE_SYS_STAT_H 1
| #define HAVE_STDLIB_H 1
| #define HAVE_STRING_H 1
| #define HAVE_MEMORY_H 1
| #define HAVE_STRINGS_H 1
| #define HAVE_INTTYPES_H 1
| #define HAVE_STDINT_H 1
| #define HAVE_UNISTD_H 1
| #define HAVE_ADNS_H 1
| #define HAVE_SYS_UTSNAME_H 1
| #define HAVE_SYS_POLL_H 1
| #define HAVE_SYSLOG_H 1
| #define HAVE_SYS_SELECT_H 1
| #define HAVE_ARPA_INET_H 1
| #define HAVE_ERRNO_H 1
| #define HAVE_FCNTL_H 1
| #define HAVE_NETDB_H 1
| #define HAVE_NETINET_IN_H 1
| #define HAVE_STDLIB_H 1
| #define HAVE_STRING_H 1
| #define HAVE_SYS_SOCKET_H 1
| #define HAVE_UNISTD_H 1
| #define HAVE_LOCALE_H 1
| #define HAVE_ICONV_H 1
| #define HAVE_REGEX_H 1
| #define TIME_WITH_SYS_TIME 1
| #define HAVE_STDLIB_H 1
| #define HAVE_MALLOC 1
| #define HAVE_SYS_TIME_H 1
| #define HAVE_UNISTD_H 1
| #define HAVE_ALARM 1
| /* end confdefs.h.  */
| /* Test program from Paul Eggert and Tony Leneis.  */
| #ifdef TIME_WITH_SYS_TIME
| # include <sys/time.h>
| # include <time.h>
| #else
| # ifdef HAVE_SYS_TIME_H
| #  include <sys/time.h>
| # else
| #  include <time.h>
| # endif
| #endif
| 
| #include <limits.h>
| #include <stdlib.h>
| 
| #ifdef HAVE_UNISTD_H
| # include <unistd.h>
| #endif
| 
| #ifndef HAVE_ALARM
| # define alarm(X) /* empty */
| #endif
| 
| /* Work around redefinition to rpl_putenv by other config tests.  */
| #undef putenv
| 
| static time_t time_t_max;
| static time_t time_t_min;
| 
| /* Values we'll use to set the TZ environment variable.  */
| static char *tz_strings[] = {
|   (char *) 0, "TZ=GMT0", "TZ=JST-9",
|   "TZ=EST+3EDT+2,M10.1.0/00:00:00,M2.3.0/00:00:00"
| };
| #define N_STRINGS (sizeof (tz_strings) / sizeof (tz_strings[0]))
| 
| /* Return 0 if mktime fails to convert a date in the spring-forward gap.
|    Based on a problem report from Andreas Jaeger.  */
| static int
| spring_forward_gap ()
| {
|   /* glibc (up to about 1998-10-07) failed this test. */
|   struct tm tm;
| 
|   /* Use the portable POSIX.1 specification "TZ=PST8PDT,M4.1.0,M10.5.0"
|      instead of "TZ=America/Vancouver" in order to detect the bug even
|      on systems that don't support the Olson extension, or don't have the
|      full zoneinfo tables installed.  */
|   putenv ("TZ=PST8PDT,M4.1.0,M10.5.0");
| 
|   tm.tm_year = 98;
|   tm.tm_mon = 3;
|   tm.tm_mday = 5;
|   tm.tm_hour = 2;
|   tm.tm_min = 0;
|   tm.tm_sec = 0;
|   tm.tm_isdst = -1;
|   return mktime (&tm) != (time_t) -1;
| }
| 
| static int
| mktime_test1 (now)
|      time_t now;
| {
|   struct tm *lt;
|   return ! (lt = localtime (&now)) || mktime (lt) == now;
| }
| 
| static int
| mktime_test (now)
|      time_t now;
| {
|   return (mktime_test1 (now)
| 	  && mktime_test1 ((time_t) (time_t_max - now))
| 	  && mktime_test1 ((time_t) (time_t_min + now)));
| }
| 
| static int
| irix_6_4_bug ()
| {
|   /* Based on code from Ariel Faigon.  */
|   struct tm tm;
|   tm.tm_year = 96;
|   tm.tm_mon = 3;
|   tm.tm_mday = 0;
|   tm.tm_hour = 0;
|   tm.tm_min = 0;
|   tm.tm_sec = 0;
|   tm.tm_isdst = -1;
|   mktime (&tm);
|   return tm.tm_mon == 2 && tm.tm_mday == 31;
| }
| 
| static int
| bigtime_test (j)
|      int j;
| {
|   struct tm tm;
|   time_t now;
|   tm.tm_year = tm.tm_mon = tm.tm_mday = tm.tm_hour = tm.tm_min = tm.tm_sec = j;
|   now = mktime (&tm);
|   if (now != (time_t) -1)
|     {
|       struct tm *lt = localtime (&now);
|       if (! (lt
| 	     && lt->tm_year == tm.tm_year
| 	     && lt->tm_mon == tm.tm_mon
| 	     && lt->tm_mday == tm.tm_mday
| 	     && lt->tm_hour == tm.tm_hour
| 	     && lt->tm_min == tm.tm_min
| 	     && lt->tm_sec == tm.tm_sec
| 	     && lt->tm_yday == tm.tm_yday
| 	     && lt->tm_wday == tm.tm_wday
| 	     && ((lt->tm_isdst < 0 ? -1 : 0 < lt->tm_isdst)
| 		  == (tm.tm_isdst < 0 ? -1 : 0 < tm.tm_isdst))))
| 	return 0;
|     }
|   return 1;
| }
| 
| static int
| year_2050_test ()
| {
|   /* The correct answer for 2050-02-01 00:00:00 in Pacific time,
|      ignoring leap seconds.  */
|   unsigned long int answer = 2527315200UL;
| 
|   struct tm tm;
|   time_t t;
|   tm.tm_year = 2050 - 1900;
|   tm.tm_mon = 2 - 1;
|   tm.tm_mday = 1;
|   tm.tm_hour = tm.tm_min = tm.tm_sec = 0;
|   tm.tm_isdst = -1;
| 
|   /* Use the portable POSIX.1 specification "TZ=PST8PDT,M4.1.0,M10.5.0"
|      instead of "TZ=America/Vancouver" in order to detect the bug even
|      on systems that don't support the Olson extension, or don't have the
|      full zoneinfo tables installed.  */
|   putenv ("TZ=PST8PDT,M4.1.0,M10.5.0");
| 
|   t = mktime (&tm);
| 
|   /* Check that the result is either a failure, or close enough
|      to the correct answer that we can assume the discrepancy is
|      due to leap seconds.  */
|   return (t == (time_t) -1
| 	  || (0 < t && answer - 120 <= t && t <= answer + 120));
| }
| 
| int
| main ()
| {
|   time_t t, delta;
|   int i, j;
| 
|   /* This test makes some buggy mktime implementations loop.
|      Give up after 60 seconds; a mktime slower than that
|      isn't worth using anyway.  */
|   alarm (60);
| 
|   for (;;)
|     {
|       t = (time_t_max << 1) + 1;
|       if (t <= time_t_max)
| 	break;
|       time_t_max = t;
|     }
|   time_t_min = - ((time_t) ~ (time_t) 0 == (time_t) -1) - time_t_max;
| 
|   delta = time_t_max / 997; /* a suitable prime number */
|   for (i = 0; i < N_STRINGS; i++)
|     {
|       if (tz_strings[i])
| 	putenv (tz_strings[i]);
| 
|       for (t = 0; t <= time_t_max - delta; t += delta)
| 	if (! mktime_test (t))
| 	  return 1;
|       if (! (mktime_test ((time_t) 1)
| 	     && mktime_test ((time_t) (60 * 60))
| 	     && mktime_test ((time_t) (60 * 60 * 24))))
| 	return 1;
| 
|       for (j = 1; ; j <<= 1)
| 	if (! bigtime_test (j))
| 	  return 1;
| 	else if (INT_MAX / 2 < j)
| 	  break;
|       if (! bigtime_test (INT_MAX))
| 	return 1;
|     }
|   return ! (irix_6_4_bug () && spring_forward_gap () && year_2050_test ());
| }
configure:7301: result: no
configure:7312: checking whether lstat dereferences a symlink specified with a trailing slash
configure:7348: g++ -o conftest -g -O2 -I/usr/include/libxml2 -Wall --pedantic   conftest.cpp -ladns -lpthread  -lxml2 >&5
configure:7352: $? = 0
configure:7358: ./conftest
configure:7362: $? = 0
configure:7386: result: yes
configure:7405: checking whether stat accepts an empty string
configure:7435: g++ -o conftest -g -O2 -I/usr/include/libxml2 -Wall --pedantic   conftest.cpp -ladns -lpthread  -lxml2 >&5
configure:7439: $? = 0
configure:7445: ./conftest
configure:7449: $? = 0
configure:7466: result: no
configure:7486: checking for strftime
configure:7542: g++ -o conftest -g -O2 -I/usr/include/libxml2 -Wall --pedantic   conftest.cpp -ladns -lpthread  -lxml2 >&5
configure:7549: $? = 0
configure:7571: result: yes
configure:7658: checking whether lstat accepts an empty string
configure:7688: g++ -o conftest -g -O2 -I/usr/include/libxml2 -Wall --pedantic   conftest.cpp -ladns -lpthread  -lxml2 >&5
configure:7692: $? = 0
configure:7698: ./conftest
configure:7702: $? = 0
configure:7719: result: no
configure:7735: checking whether closedir returns void
configure:7769: g++ -o conftest -g -O2 -I/usr/include/libxml2 -Wall --pedantic   conftest.cpp -ladns -lpthread  -lxml2 >&5
configure:7773: $? = 0
configure:7779: ./conftest
configure:7783: $? = 0
configure:7800: result: no
configure:7810: checking for error_at_line
configure:7836: g++ -o conftest -g -O2 -I/usr/include/libxml2 -Wall --pedantic   conftest.cpp -ladns -lpthread  -lxml2 >&5
configure:7843: $? = 0
configure:7863: result: yes
configure:7874: checking for _LARGEFILE_SOURCE value needed for large files
configure:7903: g++ -o conftest -g -O2 -I/usr/include/libxml2 -Wall --pedantic   conftest.cpp -ladns -lpthread  -lxml2 >&5
configure:7910: $? = 0
configure:7983: result: no
configure:8011: checking for stdlib.h
configure:8018: result: yes
configure:8152: checking for GNU libc compatible realloc
configure:8186: g++ -o conftest -g -O2 -I/usr/include/libxml2 -Wall --pedantic   conftest.cpp -ladns -lpthread  -lxml2 >&5
configure:8190: $? = 0
configure:8196: ./conftest
configure:8200: $? = 0
configure:8217: result: yes
configure:8251: checking for sys/select.h
configure:8258: result: yes
configure:8251: checking for sys/socket.h
configure:8258: result: yes
configure:8392: checking types of arguments for select
configure:8430: g++ -c -g -O2 -I/usr/include/libxml2 -Wall --pedantic  conftest.cpp >&5
configure:8437: $? = 0
configure:8458: result: int,fd_set *,struct timeval *
configure:8485: checking for vprintf
configure:8541: g++ -o conftest -g -O2 -I/usr/include/libxml2 -Wall --pedantic   conftest.cpp -ladns -lpthread  -lxml2 >&5
configure:8548: $? = 0
configure:8570: result: yes
configure:8579: checking for _doprnt
configure:8635: g++ -o conftest -g -O2 -I/usr/include/libxml2 -Wall --pedantic   conftest.cpp -ladns -lpthread  -lxml2 >&5
/tmp/ccmb9UdO.o: In function `main':
/home/alberto/ufmg/paa/tp-final/wire/WIRE-0.22/conftest.cpp:94: undefined reference to `_doprnt'
collect2: error: ld returned 1 exit status
configure:8642: $? = 1
configure: failed program was:
| /* confdefs.h.  */
| #define PACKAGE_NAME "WIRE"
| #define PACKAGE_TARNAME "wire"
| #define PACKAGE_VERSION "0.22"
| #define PACKAGE_STRING "WIRE 0.22"
| #define PACKAGE_BUGREPORT ""
| #define PACKAGE "WIRE"
| #define VERSION "0.22"
| #define HAVE_LIBPTHREAD 1
| #define HAVE_LIBADNS 1
| #define _FILE_OFFSET_BITS 64
| #define _GNU_SOURCE 1
| #define _LARGEFILE64_SOURCE 1
| #define STDC_HEADERS 1
| #define HAVE_DIRENT_H 1
| #define HAVE_SYS_TYPES_H 1
| #define HAVE_SYS_STAT_H 1
| #define HAVE_STDLIB_H 1
| #define HAVE_STRING_H 1
| #define HAVE_MEMORY_H 1
| #define HAVE_STRINGS_H 1
| #define HAVE_INTTYPES_H 1
| #define HAVE_STDINT_H 1
| #define HAVE_UNISTD_H 1
| #define HAVE_ADNS_H 1
| #define HAVE_SYS_UTSNAME_H 1
| #define HAVE_SYS_POLL_H 1
| #define HAVE_SYSLOG_H 1
| #define HAVE_SYS_SELECT_H 1
| #define HAVE_ARPA_INET_H 1
| #define HAVE_ERRNO_H 1
| #define HAVE_FCNTL_H 1
| #define HAVE_NETDB_H 1
| #define HAVE_NETINET_IN_H 1
| #define HAVE_STDLIB_H 1
| #define HAVE_STRING_H 1
| #define HAVE_SYS_SOCKET_H 1
| #define HAVE_UNISTD_H 1
| #define HAVE_LOCALE_H 1
| #define HAVE_ICONV_H 1
| #define HAVE_REGEX_H 1
| #define TIME_WITH_SYS_TIME 1
| #define HAVE_STDLIB_H 1
| #define HAVE_MALLOC 1
| #define HAVE_SYS_TIME_H 1
| #define HAVE_UNISTD_H 1
| #define HAVE_ALARM 1
| #define LSTAT_FOLLOWS_SLASHED_SYMLINK 1
| #define HAVE_STRFTIME 1
| #define HAVE_FSEEKO 1
| #define HAVE_STDLIB_H 1
| #define HAVE_REALLOC 1
| #define HAVE_SYS_SELECT_H 1
| #define HAVE_SYS_SOCKET_H 1
| #define SELECT_TYPE_ARG1 int
| #define SELECT_TYPE_ARG234 (fd_set *)
| #define SELECT_TYPE_ARG5 (struct timeval *)
| #define HAVE_VPRINTF 1
| /* end confdefs.h.  */
| /* Define _doprnt to an innocuous variant, in case <limits.h> declares _doprnt.
|    For example, HP-UX 11i <limits.h> declares gettimeofday.  */
| #define _doprnt innocuous__doprnt
| 
| /* System header to define __stub macros and hopefully few prototypes,
|     which can conflict with char _doprnt (); below.
|     Prefer <limits.h> to <assert.h> if __STDC__ is defined, since
|     <limits.h> exists even on freestanding compilers.  */
| 
| #ifdef __STDC__
| # include <limits.h>
| #else
| # include <assert.h>
| #endif
| 
| #undef _doprnt
| 
| /* Override any GCC internal prototype to avoid an error.
|    Use char because int might match the return type of a GCC
|    builtin and then its argument prototype would still apply.  */
| #ifdef __cplusplus
| extern "C"
| #endif
| char _doprnt ();
| /* The GNU C library defines this for functions which it implements
|     to always fail with ENOSYS.  Some functions are actually named
|     something starting with __ and the normal name is an alias.  */
| #if defined __stub__doprnt || defined __stub____doprnt
| choke me
| #endif
| 
| int
| main ()
| {
| return _doprnt ();
|   ;
|   return 0;
| }
configure:8662: result: no
configure:8694: checking for uname
configure:8750: g++ -o conftest -g -O2 -I/usr/include/libxml2 -Wall --pedantic   conftest.cpp -ladns -lpthread  -lxml2 >&5
configure:8757: $? = 0
configure:8779: result: yes
configure:8694: checking for pow
configure:8750: g++ -o conftest -g -O2 -I/usr/include/libxml2 -Wall --pedantic   conftest.cpp -ladns -lpthread  -lxml2 >&5
configure:8757: $? = 0
configure:8779: result: yes
configure:8694: checking for mkdir
configure:8750: g++ -o conftest -g -O2 -I/usr/include/libxml2 -Wall --pedantic   conftest.cpp -ladns -lpthread  -lxml2 >&5
configure:8757: $? = 0
configure:8779: result: yes
configure:8694: checking for rmdir
configure:8750: g++ -o conftest -g -O2 -I/usr/include/libxml2 -Wall --pedantic   conftest.cpp -ladns -lpthread  -lxml2 >&5
configure:8757: $? = 0
configure:8779: result: yes
configure:8694: checking for gethostname
configure:8750: g++ -o conftest -g -O2 -I/usr/include/libxml2 -Wall --pedantic   conftest.cpp -ladns -lpthread  -lxml2 >&5
configure:8757: $? = 0
configure:8779: result: yes
configure:8694: checking for inet_ntoa
configure:8750: g++ -o conftest -g -O2 -I/usr/include/libxml2 -Wall --pedantic   conftest.cpp -ladns -lpthread  -lxml2 >&5
configure:8757: $? = 0
configure:8779: result: yes
configure:8694: checking for memset
configure:8750: g++ -o conftest -g -O2 -I/usr/include/libxml2 -Wall --pedantic   conftest.cpp -ladns -lpthread  -lxml2 >&5
configure:8757: $? = 0
configure:8779: result: yes
configure:8694: checking for strcasecmp
configure:8750: g++ -o conftest -g -O2 -I/usr/include/libxml2 -Wall --pedantic   conftest.cpp -ladns -lpthread  -lxml2 >&5
configure:8757: $? = 0
configure:8779: result: yes
configure:8694: checking for strchr
configure:8750: g++ -o conftest -g -O2 -I/usr/include/libxml2 -Wall --pedantic   conftest.cpp -ladns -lpthread  -lxml2 >&5
configure:8757: $? = 0
configure:8779: result: yes
configure:8694: checking for strerror
configure:8750: g++ -o conftest -g -O2 -I/usr/include/libxml2 -Wall --pedantic   conftest.cpp -ladns -lpthread  -lxml2 >&5
configure:8757: $? = 0
configure:8779: result: yes
configure:8694: checking for strncasecmp
configure:8750: g++ -o conftest -g -O2 -I/usr/include/libxml2 -Wall --pedantic   conftest.cpp -ladns -lpthread  -lxml2 >&5
configure:8757: $? = 0
configure:8779: result: yes
configure:8694: checking for strstr
configure:8750: g++ -o conftest -g -O2 -I/usr/include/libxml2 -Wall --pedantic   conftest.cpp -ladns -lpthread  -lxml2 >&5
configure:8757: $? = 0
configure:8779: result: yes
configure:8694: checking for gettimeofday
configure:8750: g++ -o conftest -g -O2 -I/usr/include/libxml2 -Wall --pedantic   conftest.cpp -ladns -lpthread  -lxml2 >&5
configure:8757: $? = 0
configure:8779: result: yes
configure:8694: checking for rint
configure:8750: g++ -o conftest -g -O2 -I/usr/include/libxml2 -Wall --pedantic   conftest.cpp -ladns -lpthread  -lxml2 >&5
configure:8757: $? = 0
configure:8779: result: yes
configure:8694: checking for strspn
configure:8750: g++ -o conftest -g -O2 -I/usr/include/libxml2 -Wall --pedantic   conftest.cpp -ladns -lpthread  -lxml2 >&5
configure:8757: $? = 0
configure:8779: result: yes
configure:8797: checking for strtol and strtoul in stdlib
configure:8837: result: ok
configure:8974: creating ./config.status

## ---------------------- ##
## Running config.status. ##
## ---------------------- ##

This file was extended by WIRE config.status 0.22, which was
generated by GNU Autoconf 2.63.  Invocation command line was

  CONFIG_FILES    = 
  CONFIG_HEADERS  = 
  CONFIG_LINKS    = 
  CONFIG_COMMANDS = 
  $ ./config.status 

on camila-laptop

config.status:851: creating Makefile
config.status:851: creating data/Makefile
config.status:851: creating data/lang/Makefile
config.status:851: creating data/tld/Makefile
config.status:851: creating doc/Makefile
config.status:851: creating doc/icn/Makefile
config.status:851: creating lib/Makefile
config.status:851: creating info/Makefile
config.status:851: creating report/Makefile
config.status:851: creating bot/Makefile
config.status:851: creating test/Makefile
config.status:851: creating search/Makefile
config.status:851: creating universalchardet/Makefile
config.status:851: creating wirudiko/Makefile
config.status:851: creating config.h
config.status:1118: executing depfiles commands

## ---------------- ##
## Cache variables. ##
## ---------------- ##

ac_cv_c_compiler_gnu=yes
ac_cv_c_const=yes
ac_cv_c_inline=inline
ac_cv_cxx_compiler_gnu=yes
ac_cv_env_CCC_set=
ac_cv_env_CCC_value=
ac_cv_env_CC_set=
ac_cv_env_CC_value=
ac_cv_env_CFLAGS_set=
ac_cv_env_CFLAGS_value=
ac_cv_env_CPPFLAGS_set=
ac_cv_env_CPPFLAGS_value=
ac_cv_env_CXXCPP_set=
ac_cv_env_CXXCPP_value=
ac_cv_env_CXXFLAGS_set=
ac_cv_env_CXXFLAGS_value=
ac_cv_env_CXX_set=
ac_cv_env_CXX_value=
ac_cv_env_LDFLAGS_set=
ac_cv_env_LDFLAGS_value=
ac_cv_env_LIBS_set=
ac_cv_env_LIBS_value=
ac_cv_env_build_alias_set=
ac_cv_env_build_alias_value=
ac_cv_env_host_alias_set=
ac_cv_env_host_alias_value=
ac_cv_env_target_alias_set=
ac_cv_env_target_alias_value=
ac_cv_func__doprnt=no
ac_cv_func_alarm=yes
ac_cv_func_closedir_void=no
ac_cv_func_gethostname=yes
ac_cv_func_gettimeofday=yes
ac_cv_func_inet_ntoa=yes
ac_cv_func_lstat_dereferences_slashed_symlink=yes
ac_cv_func_lstat_empty_string_bug=no
ac_cv_func_malloc_0_nonnull=yes
ac_cv_func_memcmp_working=yes
ac_cv_func_memset=yes
ac_cv_func_mkdir=yes
ac_cv_func_pow=yes
ac_cv_func_realloc_0_nonnull=yes
ac_cv_func_rint=yes
ac_cv_func_rmdir=yes
ac_cv_func_select_args='int,fd_set *,struct timeval *'
ac_cv_func_stat_empty_string_bug=no
ac_cv_func_strcasecmp=yes
ac_cv_func_strchr=yes
ac_cv_func_strerror=yes
ac_cv_func_strftime=yes
ac_cv_func_strncasecmp=yes
ac_cv_func_strspn=yes
ac_cv_func_strstr=yes
ac_cv_func_uname=yes
ac_cv_func_vprintf=yes
ac_cv_func_working_mktime=no
ac_cv_header_adns_h=yes
ac_cv_header_arpa_inet_h=yes
ac_cv_header_dirent_dirent_h=yes
ac_cv_header_errno_h=yes
ac_cv_header_fcntl_h=yes
ac_cv_header_iconv_h=yes
ac_cv_header_inttypes_h=yes
ac_cv_header_locale_h=yes
ac_cv_header_memory_h=yes
ac_cv_header_netdb_h=yes
ac_cv_header_netinet_in_h=yes
ac_cv_header_regex_h=yes
ac_cv_header_stdbool_h=no
ac_cv_header_stdc=yes
ac_cv_header_stdint_h=yes
ac_cv_header_stdlib_h=yes
ac_cv_header_string_h=yes
ac_cv_header_strings_h=yes
ac_cv_header_sys_poll_h=yes
ac_cv_header_sys_select_h=yes
ac_cv_header_sys_socket_h=yes
ac_cv_header_sys_stat_h=yes
ac_cv_header_sys_time_h=yes
ac_cv_header_sys_types_h=yes
ac_cv_header_sys_utsname_h=yes
ac_cv_header_syslog_h=yes
ac_cv_header_time=yes
ac_cv_header_unistd_h=yes
ac_cv_lib_adns_adns_submit=yes
ac_cv_lib_error_at_line=yes
ac_cv_lib_pthread_pthread_create=yes
ac_cv_objext=o
ac_cv_path_EGREP='/bin/grep -E'
ac_cv_path_GREP=/bin/grep
ac_cv_path_XML2_CONFIG=/usr/bin/xml2-config
ac_cv_path_install='/usr/bin/install -c'
ac_cv_prog_AWK=gawk
ac_cv_prog_CXXCPP='g++ -E'
ac_cv_prog_XSLTPROC=xsltproc
ac_cv_prog_ac_ct_CC=gcc
ac_cv_prog_ac_ct_CXX=g++
ac_cv_prog_ac_ct_RANLIB=ranlib
ac_cv_prog_cc_c89=
ac_cv_prog_cc_g=yes
ac_cv_prog_cxx_g=yes
ac_cv_prog_make_make_set=yes
ac_cv_search_opendir='none required'
ac_cv_struct_tm=time.h
ac_cv_sys_largefile_source=no
ac_cv_type__Bool=no
ac_cv_type_off_t=yes
ac_cv_type_size_t=yes
am_cv_CC_dependencies_compiler_type=gcc3
am_cv_CXX_dependencies_compiler_type=gcc3

## ----------------- ##
## Output variables. ##
## ----------------- ##

ACLOCAL='${SHELL} /home/alberto/ufmg/paa/tp-final/wire/WIRE-0.22/missing --run aclocal-1.9'
AMDEPBACKSLASH='\'
AMDEP_FALSE='#'
AMDEP_TRUE=''
AMTAR='${SHELL} /home/alberto/ufmg/paa/tp-final/wire/WIRE-0.22/missing --run tar'
AUTOCONF='${SHELL} /home/alberto/ufmg/paa/tp-final/wire/WIRE-0.22/missing --run autoconf'
AUTOHEADER='${SHELL} /home/alberto/ufmg/paa/tp-final/wire/WIRE-0.22/missing --run autoheader'
AUTOMAKE='${SHELL} /home/alberto/ufmg/paa/tp-final/wire/WIRE-0.22/missing --run automake-1.9'
AWK='gawk'
CAT_ENTRY_END='-->'
CAT_ENTRY_START='<!--'
CC='gcc'
CCDEPMODE='depmode=gcc3'
CFLAGS='-g -O2'
CPPFLAGS=''
CXX='g++'
CXXCPP='g++ -E'
CXXDEPMODE='depmode=gcc3'
CXXFLAGS='-g -O2 -I/usr/include/libxml2 -Wall --pedantic'
CYGPATH_W='echo'
DEFS='-DHAVE_CONFIG_H'
DEPDIR='.deps'
DOCBOOK_ROOT=''
ECHO_C=''
ECHO_N='-n'
ECHO_T=''
EGREP='/bin/grep -E'
EXEEXT=''
GREP='/bin/grep'
INSTALL_DATA='${INSTALL} -m 644'
INSTALL_PROGRAM='${INSTALL}'
INSTALL_SCRIPT='${INSTALL}'
INSTALL_STRIP_PROGRAM='${SHELL} $(install_sh) -c -s'
LDFLAGS=''
LIBOBJS=' ${LIBOBJDIR}mktime$U.o'
LIBS='-ladns -lpthread  -lxml2'
LN_S='ln -s'
LTLIBOBJS=' ${LIBOBJDIR}mktime$U.lo'
MAKEINFO='${SHELL} /home/alberto/ufmg/paa/tp-final/wire/WIRE-0.22/missing --run makeinfo'
OBJEXT='o'
PACKAGE='WIRE'
PACKAGE_BUGREPORT=''
PACKAGE_NAME='WIRE'
PACKAGE_STRING='WIRE 0.22'
PACKAGE_TARNAME='wire'
PACKAGE_VERSION='0.22'
PATH_SEPARATOR=':'
RANLIB='ranlib'
SET_MAKE=''
SHELL='/bin/bash'
STRIP=''
VERSION='0.22'
XML2_CONFIG='/usr/bin/xml2-config'
XML_CATALOG='/etc/xml/catalog'
XSLTPROC='xsltproc'
XSLTPROC_FLAGS='--nonet'
ac_ct_CC='gcc'
ac_ct_CXX='g++'
am__fastdepCC_FALSE='#'
am__fastdepCC_TRUE=''
am__fastdepCXX_FALSE='#'
am__fastdepCXX_TRUE=''
am__include='include'
am__leading_dot='.'
am__quote=''
am__tar='${AMTAR} chof - "$$tardir"'
am__untar='${AMTAR} xf -'
bindir='${exec_prefix}/bin'
build_alias=''
datadir='${datarootdir}'
datarootdir='${prefix}/share'
docdir='${datarootdir}/doc/${PACKAGE_TARNAME}'
dvidir='${docdir}'
exec_prefix='${prefix}'
have_xsltproc_FALSE='#'
have_xsltproc_TRUE=''
host_alias=''
htmldir='${docdir}'
includedir='${prefix}/include'
infodir='${datarootdir}/info'
install_sh='/home/alberto/ufmg/paa/tp-final/wire/WIRE-0.22/install-sh'
libdir='${exec_prefix}/lib'
libexecdir='${exec_prefix}/libexec'
localedir='${datarootdir}/locale'
localstatedir='${prefix}/var'
mandir='${datarootdir}/man'
mkdir_p='mkdir -p --'
oldincludedir='/usr/include'
pdfdir='${docdir}'
prefix='/usr/local'
program_transform_name='s,x,x,'
psdir='${docdir}'
sbindir='${exec_prefix}/sbin'
sharedstatedir='${prefix}/com'
sysconfdir='${prefix}/etc'
target_alias=''

## ----------- ##
## confdefs.h. ##
## ----------- ##

#define PACKAGE_NAME "WIRE"
#define PACKAGE_TARNAME "wire"
#define PACKAGE_VERSION "0.22"
#define PACKAGE_STRING "WIRE 0.22"
#define PACKAGE_BUGREPORT ""
#define PACKAGE "WIRE"
#define VERSION "0.22"
#define HAVE_LIBPTHREAD 1
#define HAVE_LIBADNS 1
#define _FILE_OFFSET_BITS 64
#define _GNU_SOURCE 1
#define _LARGEFILE64_SOURCE 1
#define STDC_HEADERS 1
#define HAVE_DIRENT_H 1
#define HAVE_SYS_TYPES_H 1
#define HAVE_SYS_STAT_H 1
#define HAVE_STDLIB_H 1
#define HAVE_STRING_H 1
#define HAVE_MEMORY_H 1
#define HAVE_STRINGS_H 1
#define HAVE_INTTYPES_H 1
#define HAVE_STDINT_H 1
#define HAVE_UNISTD_H 1
#define HAVE_ADNS_H 1
#define HAVE_SYS_UTSNAME_H 1
#define HAVE_SYS_POLL_H 1
#define HAVE_SYSLOG_H 1
#define HAVE_SYS_SELECT_H 1
#define HAVE_ARPA_INET_H 1
#define HAVE_ERRNO_H 1
#define HAVE_FCNTL_H 1
#define HAVE_NETDB_H 1
#define HAVE_NETINET_IN_H 1
#define HAVE_STDLIB_H 1
#define HAVE_STRING_H 1
#define HAVE_SYS_SOCKET_H 1
#define HAVE_UNISTD_H 1
#define HAVE_LOCALE_H 1
#define HAVE_ICONV_H 1
#define HAVE_REGEX_H 1
#define TIME_WITH_SYS_TIME 1
#define HAVE_STDLIB_H 1
#define HAVE_MALLOC 1
#define HAVE_SYS_TIME_H 1
#define HAVE_UNISTD_H 1
#define HAVE_ALARM 1
#define LSTAT_FOLLOWS_SLASHED_SYMLINK 1
#define HAVE_STRFTIME 1
#define HAVE_FSEEKO 1
#define HAVE_STDLIB_H 1
#define HAVE_REALLOC 1
#define HAVE_SYS_SELECT_H 1
#define HAVE_SYS_SOCKET_H 1
#define SELECT_TYPE_ARG1 int
#define SELECT_TYPE_ARG234 (fd_set *)
#define SELECT_TYPE_ARG5 (struct timeval *)
#define HAVE_VPRINTF 1
#define HAVE_UNAME 1
#define HAVE_POW 1
#define HAVE_MKDIR 1
#define HAVE_RMDIR 1
#define HAVE_GETHOSTNAME 1
#define HAVE_INET_NTOA 1
#define HAVE_MEMSET 1
#define HAVE_STRCASECMP 1
#define HAVE_STRCHR 1
#define HAVE_STRERROR 1
#define HAVE_STRNCASECMP 1
#define HAVE_STRSTR 1
#define HAVE_GETTIMEOFDAY 1
#define HAVE_RINT 1
#define HAVE_STRSPN 1

configure: exit 0
